2024-12-02 18:03:53,616 - django.request - WARNING - Not Found: /
2024-12-02 18:03:53,679 - asyncio - DEBUG - Using proactor: IocpProactor
2024-12-02 18:03:53,679 - asyncio - DEBUG - Using proactor: IocpProactor
2024-12-02 18:03:53,679 - asyncio - DEBUG - Using proactor: IocpProactor
2024-12-02 18:03:53,681 - asyncio - DEBUG - Using proactor: IocpProactor
2024-12-02 18:03:53,681 - asyncio - DEBUG - Using proactor: IocpProactor
2024-12-02 18:03:53,682 - asyncio - DEBUG - Using proactor: IocpProactor
2024-12-02 18:03:53,682 - asyncio - DEBUG - Using proactor: IocpProactor
2024-12-02 18:03:53,682 - asyncio - DEBUG - Using proactor: IocpProactor
2024-12-02 18:03:53,683 - asyncio - DEBUG - Using proactor: IocpProactor
2024-12-02 18:03:53,684 - asyncio - DEBUG - Using proactor: IocpProactor
2024-12-02 18:03:53,684 - asyncio - DEBUG - Using proactor: IocpProactor
2024-12-02 18:03:53,684 - asyncio - DEBUG - Using proactor: IocpProactor
2024-12-02 18:03:53,684 - asyncio - DEBUG - Using proactor: IocpProactor
2024-12-02 18:03:53,686 - asyncio - DEBUG - Using proactor: IocpProactor
2024-12-02 18:03:53,687 - asyncio - DEBUG - Using proactor: IocpProactor
2024-12-02 18:03:53,688 - asyncio - DEBUG - Using proactor: IocpProactor
2024-12-02 18:03:53,688 - asyncio - DEBUG - Using proactor: IocpProactor
2024-12-02 18:03:53,689 - asyncio - DEBUG - Using proactor: IocpProactor
2024-12-02 18:03:53,689 - asyncio - DEBUG - Using proactor: IocpProactor
2024-12-02 18:03:53,689 - asyncio - DEBUG - Using proactor: IocpProactor
2024-12-02 18:03:53,690 - asyncio - DEBUG - Using proactor: IocpProactor
2024-12-02 18:03:53,690 - asyncio - DEBUG - Using proactor: IocpProactor
2024-12-02 18:03:53,690 - asyncio - DEBUG - Using proactor: IocpProactor
2024-12-02 18:03:53,690 - asyncio - DEBUG - Using proactor: IocpProactor
2024-12-02 18:03:53,691 - asyncio - DEBUG - Using proactor: IocpProactor
2024-12-02 18:03:53,691 - asyncio - DEBUG - Using proactor: IocpProactor
2024-12-02 18:03:53,691 - asyncio - DEBUG - Using proactor: IocpProactor
2024-12-02 18:03:53,692 - asyncio - DEBUG - Using proactor: IocpProactor
2024-12-02 18:03:53,692 - asyncio - DEBUG - Using proactor: IocpProactor
2024-12-02 18:03:53,692 - asyncio - DEBUG - Using proactor: IocpProactor
2024-12-02 18:03:53,692 - asyncio - DEBUG - Using proactor: IocpProactor
2024-12-02 18:03:53,693 - asyncio - DEBUG - Using proactor: IocpProactor
2024-12-02 18:03:53,693 - asyncio - DEBUG - Using proactor: IocpProactor
2024-12-02 18:03:53,693 - asyncio - DEBUG - Using proactor: IocpProactor
2024-12-02 18:03:53,693 - asyncio - DEBUG - Using proactor: IocpProactor
2024-12-02 18:03:53,693 - asyncio - DEBUG - Using proactor: IocpProactor
2024-12-02 18:03:53,693 - asyncio - DEBUG - Using proactor: IocpProactor
2024-12-02 18:03:53,694 - asyncio - DEBUG - Using proactor: IocpProactor
2024-12-02 18:03:53,694 - asyncio - DEBUG - Using proactor: IocpProactor
2024-12-02 18:03:53,694 - asyncio - DEBUG - Using proactor: IocpProactor
2024-12-02 18:03:53,694 - asyncio - DEBUG - Using proactor: IocpProactor
2024-12-02 18:03:53,695 - asyncio - DEBUG - Using proactor: IocpProactor
2024-12-02 18:03:53,695 - asyncio - DEBUG - Using proactor: IocpProactor
2024-12-02 18:03:53,695 - asyncio - DEBUG - Using proactor: IocpProactor
2024-12-02 18:03:53,695 - asyncio - DEBUG - Using proactor: IocpProactor
2024-12-02 18:03:53,695 - asyncio - DEBUG - Using proactor: IocpProactor
2024-12-02 18:03:53,695 - asyncio - DEBUG - Using proactor: IocpProactor
2024-12-02 18:03:53,697 - asyncio - DEBUG - Using proactor: IocpProactor
2024-12-02 18:03:53,697 - asyncio - DEBUG - Using proactor: IocpProactor
2024-12-02 18:03:53,697 - asyncio - DEBUG - Using proactor: IocpProactor
2024-12-02 18:03:53,697 - asyncio - DEBUG - Using proactor: IocpProactor
2024-12-02 18:03:53,697 - asyncio - DEBUG - Using proactor: IocpProactor
2024-12-02 18:03:53,698 - asyncio - DEBUG - Using proactor: IocpProactor
2024-12-02 18:03:53,698 - asyncio - DEBUG - Using proactor: IocpProactor
2024-12-02 18:03:53,698 - asyncio - DEBUG - Using proactor: IocpProactor
2024-12-02 18:03:53,698 - asyncio - DEBUG - Using proactor: IocpProactor
2024-12-02 18:03:53,698 - asyncio - DEBUG - Using proactor: IocpProactor
2024-12-02 18:03:53,698 - asyncio - DEBUG - Using proactor: IocpProactor
2024-12-02 18:03:53,698 - asyncio - DEBUG - Using proactor: IocpProactor
2024-12-02 18:03:53,699 - asyncio - DEBUG - Using proactor: IocpProactor
2024-12-02 18:03:53,699 - asyncio - DEBUG - Using proactor: IocpProactor
2024-12-02 18:03:53,699 - asyncio - DEBUG - Using proactor: IocpProactor
2024-12-02 18:03:53,699 - asyncio - DEBUG - Using proactor: IocpProactor
2024-12-02 18:03:53,699 - asyncio - DEBUG - Using proactor: IocpProactor
2024-12-02 18:03:53,699 - asyncio - DEBUG - Using proactor: IocpProactor
2024-12-02 18:03:53,700 - asyncio - DEBUG - Using proactor: IocpProactor
2024-12-02 18:03:53,700 - asyncio - DEBUG - Using proactor: IocpProactor
2024-12-02 18:03:53,700 - asyncio - DEBUG - Using proactor: IocpProactor
2024-12-02 18:03:53,700 - asyncio - DEBUG - Using proactor: IocpProactor
2024-12-02 18:03:53,701 - asyncio - DEBUG - Using proactor: IocpProactor
2024-12-02 18:03:53,702 - asyncio - DEBUG - Using proactor: IocpProactor
2024-12-02 18:03:53,702 - asyncio - DEBUG - Using proactor: IocpProactor
2024-12-02 18:03:53,702 - asyncio - DEBUG - Using proactor: IocpProactor
2024-12-02 18:03:53,702 - asyncio - DEBUG - Using proactor: IocpProactor
2024-12-02 18:03:53,703 - asyncio - DEBUG - Using proactor: IocpProactor
2024-12-02 18:03:53,703 - asyncio - DEBUG - Using proactor: IocpProactor
2024-12-02 18:03:53,703 - asyncio - DEBUG - Using proactor: IocpProactor
2024-12-02 18:03:53,703 - asyncio - DEBUG - Using proactor: IocpProactor
2024-12-02 18:03:53,705 - asyncio - DEBUG - Using proactor: IocpProactor
2024-12-02 18:03:53,705 - asyncio - DEBUG - Using proactor: IocpProactor
2024-12-02 18:03:53,705 - asyncio - DEBUG - Using proactor: IocpProactor
2024-12-02 18:03:53,705 - asyncio - DEBUG - Using proactor: IocpProactor
2024-12-02 18:03:53,705 - asyncio - DEBUG - Using proactor: IocpProactor
2024-12-02 18:03:53,706 - asyncio - DEBUG - Using proactor: IocpProactor
2024-12-02 18:03:53,706 - asyncio - DEBUG - Using proactor: IocpProactor
2024-12-02 18:03:53,706 - asyncio - DEBUG - Using proactor: IocpProactor
2024-12-02 18:03:53,706 - asyncio - DEBUG - Using proactor: IocpProactor
2024-12-02 18:03:53,706 - asyncio - DEBUG - Using proactor: IocpProactor
2024-12-02 18:03:53,950 - channels_redis.core - INFO - 3 of 8 channels over capacity in group log_group
2024-12-02 18:12:37,516 - django.request - WARNING - Not Found: /ws/logs/
2024-12-02 18:12:37,607 - asyncio - DEBUG - Using proactor: IocpProactor
2024-12-02 18:12:37,609 - asyncio - DEBUG - Using proactor: IocpProactor
2024-12-02 18:12:37,609 - asyncio - DEBUG - Using proactor: IocpProactor
2024-12-02 18:12:37,610 - asyncio - DEBUG - Using proactor: IocpProactor
2024-12-02 18:12:37,610 - asyncio - DEBUG - Using proactor: IocpProactor
2024-12-02 18:12:37,610 - asyncio - DEBUG - Using proactor: IocpProactor
2024-12-02 18:12:37,610 - asyncio - DEBUG - Using proactor: IocpProactor
2024-12-02 18:12:37,610 - asyncio - DEBUG - Using proactor: IocpProactor
2024-12-02 18:12:37,611 - asyncio - DEBUG - Using proactor: IocpProactor
2024-12-02 18:12:37,611 - asyncio - DEBUG - Using proactor: IocpProactor
2024-12-02 18:12:37,611 - asyncio - DEBUG - Using proactor: IocpProactor
2024-12-02 18:12:37,611 - asyncio - DEBUG - Using proactor: IocpProactor
2024-12-02 18:12:37,611 - asyncio - DEBUG - Using proactor: IocpProactor
2024-12-02 18:12:37,611 - asyncio - DEBUG - Using proactor: IocpProactor
2024-12-02 18:12:37,613 - asyncio - DEBUG - Using proactor: IocpProactor
2024-12-02 18:12:37,613 - asyncio - DEBUG - Using proactor: IocpProactor
2024-12-02 18:12:37,613 - asyncio - DEBUG - Using proactor: IocpProactor
2024-12-02 18:12:37,613 - asyncio - DEBUG - Using proactor: IocpProactor
2024-12-02 18:12:37,613 - asyncio - DEBUG - Using proactor: IocpProactor
2024-12-02 18:12:37,613 - asyncio - DEBUG - Using proactor: IocpProactor
2024-12-02 18:12:37,614 - asyncio - DEBUG - Using proactor: IocpProactor
2024-12-02 18:12:37,614 - asyncio - DEBUG - Using proactor: IocpProactor
2024-12-02 18:12:37,614 - asyncio - DEBUG - Using proactor: IocpProactor
2024-12-02 18:12:37,615 - asyncio - DEBUG - Using proactor: IocpProactor
2024-12-02 18:12:37,615 - asyncio - DEBUG - Using proactor: IocpProactor
2024-12-02 18:12:37,615 - asyncio - DEBUG - Using proactor: IocpProactor
2024-12-02 18:12:37,615 - asyncio - DEBUG - Using proactor: IocpProactor
2024-12-02 18:12:37,615 - asyncio - DEBUG - Using proactor: IocpProactor
2024-12-02 18:12:37,617 - asyncio - DEBUG - Using proactor: IocpProactor
2024-12-02 18:12:37,617 - asyncio - DEBUG - Using proactor: IocpProactor
2024-12-02 18:12:37,617 - asyncio - DEBUG - Using proactor: IocpProactor
2024-12-02 18:12:37,617 - asyncio - DEBUG - Using proactor: IocpProactor
2024-12-02 18:12:37,618 - asyncio - DEBUG - Using proactor: IocpProactor
2024-12-02 18:12:37,618 - asyncio - DEBUG - Using proactor: IocpProactor
2024-12-02 18:12:37,618 - asyncio - DEBUG - Using proactor: IocpProactor
2024-12-02 18:12:37,619 - asyncio - DEBUG - Using proactor: IocpProactor
2024-12-02 18:12:37,619 - asyncio - DEBUG - Using proactor: IocpProactor
2024-12-02 18:12:37,619 - asyncio - DEBUG - Using proactor: IocpProactor
2024-12-02 18:12:37,619 - asyncio - DEBUG - Using proactor: IocpProactor
2024-12-02 18:12:37,619 - asyncio - DEBUG - Using proactor: IocpProactor
2024-12-02 18:12:37,620 - asyncio - DEBUG - Using proactor: IocpProactor
2024-12-02 18:12:37,620 - asyncio - DEBUG - Using proactor: IocpProactor
2024-12-02 18:12:37,620 - asyncio - DEBUG - Using proactor: IocpProactor
2024-12-02 18:12:37,621 - asyncio - DEBUG - Using proactor: IocpProactor
2024-12-02 18:12:37,621 - asyncio - DEBUG - Using proactor: IocpProactor
2024-12-02 18:12:37,621 - asyncio - DEBUG - Using proactor: IocpProactor
2024-12-02 18:12:37,621 - asyncio - DEBUG - Using proactor: IocpProactor
2024-12-02 18:12:37,621 - asyncio - DEBUG - Using proactor: IocpProactor
2024-12-02 18:12:37,622 - asyncio - DEBUG - Using proactor: IocpProactor
2024-12-02 18:12:37,622 - asyncio - DEBUG - Using proactor: IocpProactor
2024-12-02 18:12:37,622 - asyncio - DEBUG - Using proactor: IocpProactor
2024-12-02 18:12:37,622 - asyncio - DEBUG - Using proactor: IocpProactor
2024-12-02 18:12:37,623 - asyncio - DEBUG - Using proactor: IocpProactor
2024-12-02 18:12:37,623 - asyncio - DEBUG - Using proactor: IocpProactor
2024-12-02 18:12:37,623 - asyncio - DEBUG - Using proactor: IocpProactor
2024-12-02 18:12:37,623 - asyncio - DEBUG - Using proactor: IocpProactor
2024-12-02 18:12:37,624 - asyncio - DEBUG - Using proactor: IocpProactor
2024-12-02 18:12:37,625 - asyncio - DEBUG - Using proactor: IocpProactor
2024-12-02 18:12:37,626 - asyncio - DEBUG - Using proactor: IocpProactor
2024-12-02 18:12:37,626 - asyncio - DEBUG - Using proactor: IocpProactor
2024-12-02 18:12:37,626 - asyncio - DEBUG - Using proactor: IocpProactor
2024-12-02 18:12:37,627 - asyncio - DEBUG - Using proactor: IocpProactor
2024-12-02 18:12:37,627 - asyncio - DEBUG - Using proactor: IocpProactor
2024-12-02 18:12:37,627 - asyncio - DEBUG - Using proactor: IocpProactor
2024-12-02 18:12:37,627 - asyncio - DEBUG - Using proactor: IocpProactor
2024-12-02 18:12:37,629 - asyncio - DEBUG - Using proactor: IocpProactor
2024-12-02 18:12:37,629 - asyncio - DEBUG - Using proactor: IocpProactor
2024-12-02 18:12:37,630 - asyncio - DEBUG - Using proactor: IocpProactor
2024-12-02 18:12:37,630 - asyncio - DEBUG - Using proactor: IocpProactor
2024-12-02 18:12:37,630 - asyncio - DEBUG - Using proactor: IocpProactor
2024-12-02 18:12:37,631 - asyncio - DEBUG - Using proactor: IocpProactor
2024-12-02 18:12:37,631 - asyncio - DEBUG - Using proactor: IocpProactor
2024-12-02 18:12:37,631 - asyncio - DEBUG - Using proactor: IocpProactor
2024-12-02 18:12:37,631 - asyncio - DEBUG - Using proactor: IocpProactor
2024-12-02 18:12:37,631 - asyncio - DEBUG - Using proactor: IocpProactor
2024-12-02 18:12:37,632 - asyncio - DEBUG - Using proactor: IocpProactor
2024-12-02 18:12:37,632 - asyncio - DEBUG - Using proactor: IocpProactor
2024-12-02 18:12:37,632 - asyncio - DEBUG - Using proactor: IocpProactor
2024-12-02 18:12:37,632 - asyncio - DEBUG - Using proactor: IocpProactor
2024-12-02 18:12:37,633 - asyncio - DEBUG - Using proactor: IocpProactor
2024-12-02 18:12:37,633 - asyncio - DEBUG - Using proactor: IocpProactor
2024-12-02 18:12:37,633 - asyncio - DEBUG - Using proactor: IocpProactor
2024-12-02 18:12:37,633 - asyncio - DEBUG - Using proactor: IocpProactor
2024-12-02 18:12:37,633 - asyncio - DEBUG - Using proactor: IocpProactor
2024-12-02 18:12:37,633 - asyncio - DEBUG - Using proactor: IocpProactor
2024-12-02 18:12:37,635 - asyncio - DEBUG - Using proactor: IocpProactor
2024-12-02 18:12:37,635 - asyncio - DEBUG - Using proactor: IocpProactor
2024-12-02 18:12:37,635 - asyncio - DEBUG - Using proactor: IocpProactor
2024-12-02 18:12:37,971 - channels_redis.core - INFO - 5 of 15 channels over capacity in group log_group
2024-12-02 18:13:10,651 - django.request - WARNING - Not Found: /ws/logs/
2024-12-02 18:13:12,046 - django.request - WARNING - Not Found: /ws/logs/
2024-12-02 18:13:13,120 - django.request - WARNING - Not Found: /ws/logs/
2024-12-02 18:13:13,584 - django.request - WARNING - Not Found: /ws/logs/
2024-12-02 18:13:13,803 - django.request - WARNING - Not Found: /ws/logs/
2024-12-02 18:13:14,296 - django.request - WARNING - Not Found: /ws/logs/
2024-12-02 18:13:14,446 - django.request - WARNING - Not Found: /ws/logs/
2024-12-02 18:13:14,657 - django.request - WARNING - Not Found: /ws/logs/
2024-12-02 18:13:14,810 - django.request - WARNING - Not Found: /ws/logs/
2024-12-02 18:13:15,029 - django.request - WARNING - Not Found: /ws/logs/
2024-12-02 18:13:15,179 - django.request - WARNING - Not Found: /ws/logs/
2024-12-02 18:13:29,994 - django.request - WARNING - Not Found: /ws/logs/
2024-12-02 18:13:30,603 - django.request - WARNING - Not Found: /ws/logs/
2024-12-02 18:13:30,756 - django.request - WARNING - Not Found: /ws/logs/
2024-12-02 18:13:30,941 - django.request - WARNING - Not Found: /ws/logs/
2024-12-02 18:13:31,162 - django.request - WARNING - Not Found: /ws/logs/
2024-12-08 16:59:31,104 - django.utils.autoreload - INFO - E:\Troisieme_annee\BIG DATA & NOSQL\SmartFactoryHub\SmartFactoryHub\settings.py changed, reloading.
2024-12-08 17:00:23,070 - django.request - WARNING - Not Found: /favicon.ico
2024-12-08 17:48:16,888 - django.request - WARNING - Not Found: /ws/sensor_data/
2024-12-08 17:48:28,795 - django.request - WARNING - Not Found: /ws/sensor_data/
2024-12-08 17:49:10,348 - django.request - WARNING - Not Found: /sensors_dashboard/
2024-12-08 17:49:15,110 - django.request - WARNING - Not Found: /ws/sensor_data/
